{"total": {"lines":{"total":366,"covered":360,"skipped":0,"pct":98.36},"statements":{"total":525,"covered":515,"skipped":0,"pct":98.09},"functions":{"total":143,"covered":140,"skipped":0,"pct":97.9},"branches":{"total":312,"covered":296,"skipped":0,"pct":94.87},"branchesTrue":{"total":0,"covered":0,"skipped":0,"pct":100}}
,"C:\\Users\\danie\\Documents\\dan-grew-repos\\homeschooling-app-2\\core\\colour-mixing\\colour-mixing-core.js": {"lines":{"total":4,"covered":4,"skipped":0,"pct":100},"functions":{"total":2,"covered":2,"skipped":0,"pct":100},"statements":{"total":6,"covered":6,"skipped":0,"pct":100},"branches":{"total":6,"covered":6,"skipped":0,"pct":100}}
,"C:\\Users\\danie\\Documents\\dan-grew-repos\\homeschooling-app-2\\core\\dictionary\\dictionary-core.js": {"lines":{"total":28,"covered":22,"skipped":0,"pct":78.57},"functions":{"total":15,"covered":12,"skipped":0,"pct":80},"statements":{"total":37,"covered":27,"skipped":0,"pct":72.97},"branches":{"total":10,"covered":6,"skipped":0,"pct":60}}
,"C:\\Users\\danie\\Documents\\dan-grew-repos\\homeschooling-app-2\\core\\dictionary\\dictionary-helpers-core.js": {"lines":{"total":29,"covered":29,"skipped":0,"pct":100},"functions":{"total":24,"covered":24,"skipped":0,"pct":100},"statements":{"total":34,"covered":34,"skipped":0,"pct":100},"branches":{"total":4,"covered":4,"skipped":0,"pct":100}}
,"C:\\Users\\danie\\Documents\\dan-grew-repos\\homeschooling-app-2\\core\\drawing-dots\\drawing-dots-core.js": {"lines":{"total":39,"covered":39,"skipped":0,"pct":100},"functions":{"total":14,"covered":14,"skipped":0,"pct":100},"statements":{"total":49,"covered":49,"skipped":0,"pct":100},"branches":{"total":32,"covered":32,"skipped":0,"pct":100}}
,"C:\\Users\\danie\\Documents\\dan-grew-repos\\homeschooling-app-2\\core\\filter-bar\\filter-bar-core.js": {"lines":{"total":10,"covered":10,"skipped":0,"pct":100},"functions":{"total":8,"covered":8,"skipped":0,"pct":100},"statements":{"total":16,"covered":16,"skipped":0,"pct":100},"branches":{"total":16,"covered":16,"skipped":0,"pct":100}}
,"C:\\Users\\danie\\Documents\\dan-grew-repos\\homeschooling-app-2\\core\\piano\\piano-core.js": {"lines":{"total":17,"covered":17,"skipped":0,"pct":100},"functions":{"total":4,"covered":4,"skipped":0,"pct":100},"statements":{"total":27,"covered":27,"skipped":0,"pct":100},"branches":{"total":14,"covered":13,"skipped":0,"pct":92.85}}
,"C:\\Users\\danie\\Documents\\dan-grew-repos\\homeschooling-app-2\\core\\puzzle\\puzzle-core.js": {"lines":{"total":13,"covered":13,"skipped":0,"pct":100},"functions":{"total":5,"covered":5,"skipped":0,"pct":100},"statements":{"total":18,"covered":18,"skipped":0,"pct":100},"branches":{"total":5,"covered":4,"skipped":0,"pct":80}}
,"C:\\Users\\danie\\Documents\\dan-grew-repos\\homeschooling-app-2\\core\\routine\\routine-core.js": {"lines":{"total":26,"covered":26,"skipped":0,"pct":100},"functions":{"total":12,"covered":12,"skipped":0,"pct":100},"statements":{"total":37,"covered":37,"skipped":0,"pct":100},"branches":{"total":14,"covered":13,"skipped":0,"pct":92.85}}
,"C:\\Users\\danie\\Documents\\dan-grew-repos\\homeschooling-app-2\\core\\shapes\\shapes-core.js": {"lines":{"total":16,"covered":16,"skipped":0,"pct":100},"functions":{"total":3,"covered":3,"skipped":0,"pct":100},"statements":{"total":23,"covered":23,"skipped":0,"pct":100},"branches":{"total":14,"covered":13,"skipped":0,"pct":92.85}}
,"C:\\Users\\danie\\Documents\\dan-grew-repos\\homeschooling-app-2\\core\\shopping\\shopping-core.js": {"lines":{"total":5,"covered":5,"skipped":0,"pct":100},"functions":{"total":5,"covered":5,"skipped":0,"pct":100},"statements":{"total":7,"covered":7,"skipped":0,"pct":100},"branches":{"total":0,"covered":0,"skipped":0,"pct":100}}
,"C:\\Users\\danie\\Documents\\dan-grew-repos\\homeschooling-app-2\\core\\simulator\\simulator-core.js": {"lines":{"total":78,"covered":78,"skipped":0,"pct":100},"functions":{"total":20,"covered":20,"skipped":0,"pct":100},"statements":{"total":115,"covered":115,"skipped":0,"pct":100},"branches":{"total":111,"covered":106,"skipped":0,"pct":95.49}}
,"C:\\Users\\danie\\Documents\\dan-grew-repos\\homeschooling-app-2\\core\\story-time\\story-time-core.js": {"lines":{"total":5,"covered":5,"skipped":0,"pct":100},"functions":{"total":1,"covered":1,"skipped":0,"pct":100},"statements":{"total":7,"covered":7,"skipped":0,"pct":100},"branches":{"total":2,"covered":2,"skipped":0,"pct":100}}
,"C:\\Users\\danie\\Documents\\dan-grew-repos\\homeschooling-app-2\\core\\trace\\trace-core.js": {"lines":{"total":82,"covered":82,"skipped":0,"pct":100},"functions":{"total":20,"covered":20,"skipped":0,"pct":100},"statements":{"total":127,"covered":127,"skipped":0,"pct":100},"branches":{"total":60,"covered":59,"skipped":0,"pct":98.33}}
,"C:\\Users\\danie\\Documents\\dan-grew-repos\\homeschooling-app-2\\core\\word-lesson\\word-lesson-core.js": {"lines":{"total":6,"covered":6,"skipped":0,"pct":100},"functions":{"total":3,"covered":3,"skipped":0,"pct":100},"statements":{"total":9,"covered":9,"skipped":0,"pct":100},"branches":{"total":18,"covered":17,"skipped":0,"pct":94.44}}
,"C:\\Users\\danie\\Documents\\dan-grew-repos\\homeschooling-app-2\\core\\word-match\\word-match-core.js": {"lines":{"total":8,"covered":8,"skipped":0,"pct":100},"functions":{"total":7,"covered":7,"skipped":0,"pct":100},"statements":{"total":13,"covered":13,"skipped":0,"pct":100},"branches":{"total":6,"covered":5,"skipped":0,"pct":83.33}}
}
